[INFO ] [2022-08-15 00:46:03,580] --------------START delete file in folder -----------
[INFO ] [2022-08-15 00:46:03,597] --------------END delete file in folder -----------
[INFO ] [2022-08-15 00:46:03,795] Pre-Condition: Open browser and navigate to appUrl
[INFO ] [2022-08-15 00:47:41,477] --------------START delete file in folder -----------
[INFO ] [2022-08-15 00:47:41,482] --------------END delete file in folder -----------
[INFO ] [2022-08-15 00:47:41,846] Pre-Condition: Open browser and navigate to appUrl
[INFO ] [2022-08-15 00:48:40,010]  -------------------------- PASSED -------------------------- 
[INFO ] [2022-08-15 00:48:43,136]  -------------------------- PASSED -------------------------- 
[INFO ] [2022-08-15 00:48:48,937]  -------------------------- PASSED -------------------------- 
[INFO ] [2022-08-15 00:48:58,128]  -------------------------- PASSED -------------------------- 
[INFO ] [2022-08-15 02:01:32,172] --------------START delete file in folder -----------
[INFO ] [2022-08-15 02:01:32,179] --------------END delete file in folder -----------
[INFO ] [2022-08-15 02:01:32,349] Pre-Condition: Open browser and navigate to appUrl
[INFO ] [2022-08-15 02:02:39,701]  -------------------------- PASSED -------------------------- 
[INFO ] [2022-08-15 02:02:46,045]  -------------------------- PASSED -------------------------- 
[INFO ] [2022-08-15 02:02:55,728] OS name = windows 10
[INFO ] [2022-08-15 02:03:43,218] --------------START delete file in folder -----------
[INFO ] [2022-08-15 02:03:43,224] --------------END delete file in folder -----------
[INFO ] [2022-08-15 02:03:43,366] Pre-Condition: Open browser and navigate to appUrl
[INFO ] [2022-08-15 02:04:24,836] OS name = windows 10
[INFO ] [2022-08-15 02:06:13,444] --------------START delete file in folder -----------
[INFO ] [2022-08-15 02:06:13,449] --------------END delete file in folder -----------
[INFO ] [2022-08-15 02:06:13,553] Pre-Condition: Open browser and navigate to appUrl
[INFO ] [2022-08-15 02:06:46,122] OS name = windows 10
[INFO ] [2022-08-15 02:09:07,319] --------------START delete file in folder -----------
[INFO ] [2022-08-15 02:09:07,324] --------------END delete file in folder -----------
[INFO ] [2022-08-15 02:09:07,455] Pre-Condition: Open browser and navigate to appUrl
[INFO ] [2022-08-15 02:09:37,055] OS name = windows 10
[INFO ] [2022-08-15 02:13:45,269] --------------START delete file in folder -----------
[INFO ] [2022-08-15 02:13:45,284] --------------END delete file in folder -----------
[INFO ] [2022-08-15 02:13:45,543] Pre-Condition: Open browser and navigate to appUrl
[INFO ] [2022-08-15 02:15:18,772]  -------------------------- PASSED -------------------------- 
[INFO ] [2022-08-15 02:15:24,174]  -------------------------- PASSED -------------------------- 
[INFO ] [2022-08-15 02:15:35,629]  -------------------------- PASSED -------------------------- 
[INFO ] [2022-08-15 02:15:49,127]  -------------------------- PASSED -------------------------- 
[INFO ] [2022-08-15 02:15:57,233] OS name = windows 10
[INFO ] [2022-08-15 03:12:53,168] --------------START delete file in folder -----------
[INFO ] [2022-08-15 03:12:53,178] --------------END delete file in folder -----------
[INFO ] [2022-08-15 03:12:53,311] Pre-Condition: Open browser and navigate to appUrl
[INFO ] [2022-08-15 03:13:57,460]  -------------------------- PASSED -------------------------- 
[INFO ] [2022-08-15 03:14:02,454]  -------------------------- PASSED -------------------------- 
[INFO ] [2022-08-15 03:14:07,517]  -------------------------- PASSED -------------------------- 
[INFO ] [2022-08-15 03:14:17,470]  -------------------------- PASSED -------------------------- 
[INFO ] [2022-08-15 03:14:22,062] OS name = windows 10
[INFO ] [2022-08-15 03:17:46,809] --------------START delete file in folder -----------
[INFO ] [2022-08-15 03:17:47,069] --------------END delete file in folder -----------
[INFO ] [2022-08-15 03:17:47,469] Pre-Condition: Open browser and navigate to appUrl
[INFO ] [2022-08-15 03:18:55,526] OS name = windows 10
[INFO ] [2022-08-15 03:54:25,459] --------------START delete file in folder -----------
[INFO ] [2022-08-15 03:54:25,556] --------------END delete file in folder -----------
[INFO ] [2022-08-15 03:54:26,152] Pre-Condition: Open browser and navigate to appUrl
[INFO ] [2022-08-15 03:55:36,260]  -------------------------- PASSED -------------------------- 
[INFO ] [2022-08-15 03:55:45,322]  -------------------------- PASSED -------------------------- 
[INFO ] [2022-08-15 03:55:58,979]  -------------------------- PASSED -------------------------- 
[INFO ] [2022-08-15 03:56:25,414]  -------------------------- PASSED -------------------------- 
[INFO ] [2022-08-15 03:56:36,876] OS name = windows 10
[INFO ] [2022-08-15 10:41:19,243] --------------START delete file in folder -----------
[INFO ] [2022-08-15 10:41:19,460] --------------END delete file in folder -----------
[INFO ] [2022-08-15 10:41:19,711] Pre-Condition: Open browser and navigate to appUrl
[INFO ] [2022-08-15 10:42:53,849]  -------------------------- PASSED -------------------------- 
[INFO ] [2022-08-15 10:43:01,049]  -------------------------- PASSED -------------------------- 
[INFO ] [2022-08-15 10:43:09,200]  -------------------------- PASSED -------------------------- 
[INFO ] [2022-08-15 10:43:54,939] OS name = windows 10
[INFO ] [2022-08-15 10:44:55,179] --------------START delete file in folder -----------
[INFO ] [2022-08-15 10:44:55,294] --------------END delete file in folder -----------
[INFO ] [2022-08-15 10:44:55,470] Pre-Condition: Open browser and navigate to appUrl
[INFO ] [2022-08-15 10:46:18,995]  -------------------------- PASSED -------------------------- 
[INFO ] [2022-08-15 10:46:25,600]  -------------------------- PASSED -------------------------- 
[INFO ] [2022-08-15 10:46:35,130]  -------------------------- PASSED -------------------------- 
[INFO ] [2022-08-15 10:47:19,807] OS name = windows 10
[INFO ] [2022-08-15 11:20:02,696] --------------START delete file in folder -----------
[INFO ] [2022-08-15 11:20:02,726] --------------END delete file in folder -----------
[INFO ] [2022-08-15 11:20:02,874] Pre-Condition: Open browser and navigate to appUrl
[INFO ] [2022-08-15 11:21:36,047]  -------------------------- PASSED -------------------------- 
[INFO ] [2022-08-15 11:21:40,863]  -------------------------- PASSED -------------------------- 
[INFO ] [2022-08-15 11:21:49,842]  -------------------------- PASSED -------------------------- 
[INFO ] [2022-08-15 11:22:00,701]  -------------------------- PASSED -------------------------- 
[INFO ] [2022-08-15 11:22:09,386] OS name = windows 10
[INFO ] [2022-08-16 00:24:03,323] --------------START delete file in folder -----------
[INFO ] [2022-08-16 00:24:03,368] --------------END delete file in folder -----------
[INFO ] [2022-08-16 00:26:51,351] --------------START delete file in folder -----------
[INFO ] [2022-08-16 00:26:51,357] --------------END delete file in folder -----------
[INFO ] [2022-08-16 00:59:19,339] --------------START delete file in folder -----------
[INFO ] [2022-08-16 00:59:19,345] --------------END delete file in folder -----------
[INFO ] [2022-08-16 01:21:07,874] --------------START delete file in folder -----------
[INFO ] [2022-08-16 01:21:07,881] --------------END delete file in folder -----------
[INFO ] [2022-08-16 01:24:59,465] --------------START delete file in folder -----------
[INFO ] [2022-08-16 01:24:59,481] --------------END delete file in folder -----------
[INFO ] [2022-08-16 01:24:59,602] Pre-Condition: Open browser and navigate to appUrl
[INFO ] [2022-08-16 01:25:57,893]  -------------------------- PASSED -------------------------- 
[INFO ] [2022-08-16 01:26:03,399]  -------------------------- PASSED -------------------------- 
[INFO ] [2022-08-16 01:26:09,592]  -------------------------- PASSED -------------------------- 
[INFO ] [2022-08-16 01:26:20,361]  -------------------------- PASSED -------------------------- 
[INFO ] [2022-08-16 01:26:29,141] OS name = windows 10
[INFO ] [2022-08-16 01:30:19,856] --------------START delete file in folder -----------
[INFO ] [2022-08-16 01:30:19,864] --------------END delete file in folder -----------
[INFO ] [2022-08-16 01:37:12,727] --------------START delete file in folder -----------
[INFO ] [2022-08-16 01:37:12,732] --------------END delete file in folder -----------
[INFO ] [2022-08-16 01:46:30,603] --------------START delete file in folder -----------
[INFO ] [2022-08-16 01:46:30,610] --------------END delete file in folder -----------
[INFO ] [2022-08-16 01:47:11,418] OS name = windows 10
[INFO ] [2022-08-16 01:50:01,539] --------------START delete file in folder -----------
[INFO ] [2022-08-16 01:50:01,557] --------------END delete file in folder -----------
[INFO ] [2022-08-16 01:50:23,331] OS name = windows 10
[INFO ] [2022-08-16 02:37:56,079] --------------START delete file in folder -----------
[INFO ] [2022-08-16 02:37:56,086] --------------END delete file in folder -----------
[INFO ] [2022-08-16 02:38:17,522] OS name = windows 10
[INFO ] [2022-08-16 02:42:15,941] --------------START delete file in folder -----------
[INFO ] [2022-08-16 02:42:15,951] --------------END delete file in folder -----------
[INFO ] [2022-08-16 02:42:37,409] OS name = windows 10
[INFO ] [2022-08-16 02:55:58,606] --------------START delete file in folder -----------
[INFO ] [2022-08-16 02:55:58,612] --------------END delete file in folder -----------
[INFO ] [2022-08-16 02:56:20,299] OS name = windows 10
[INFO ] [2022-08-16 03:02:11,165] --------------START delete file in folder -----------
[INFO ] [2022-08-16 03:02:11,173] --------------END delete file in folder -----------
[INFO ] [2022-08-16 03:02:42,774] OS name = windows 10
